TN:
SF:src\analiseDeDados.js
FN:2,(anonymous_0)
FN:6,(anonymous_1)
FN:11,(anonymous_2)
FN:15,(anonymous_3)
FN:16,(anonymous_4)
FN:19,(anonymous_5)
FN:21,(anonymous_6)
FN:24,(anonymous_7)
FN:31,(anonymous_8)
FN:33,(anonymous_9)
FN:40,(anonymous_10)
FN:44,(anonymous_11)
FN:47,(anonymous_12)
FN:50,(anonymous_13)
FN:55,(anonymous_14)
FN:59,(anonymous_15)
FN:63,(anonymous_16)
FN:66,(anonymous_17)
FN:67,(anonymous_18)
FN:70,(anonymous_19)
FN:79,(anonymous_20)
FN:80,(anonymous_21)
FN:83,(anonymous_22)
FN:84,(anonymous_23)
FN:87,(anonymous_24)
FN:91,(anonymous_25)
FN:97,(anonymous_26)
FN:103,(anonymous_27)
FN:106,(anonymous_28)
FN:110,(anonymous_29)
FN:112,(anonymous_30)
FN:113,(anonymous_31)
FN:114,(anonymous_32)
FNF:33
FNH:32
FNDA:20,(anonymous_0)
FNDA:3,(anonymous_1)
FNDA:1,(anonymous_2)
FNDA:5,(anonymous_3)
FNDA:59,(anonymous_4)
FNDA:8,(anonymous_5)
FNDA:48,(anonymous_6)
FNDA:1,(anonymous_7)
FNDA:1,(anonymous_8)
FNDA:6,(anonymous_9)
FNDA:6,(anonymous_10)
FNDA:4,(anonymous_11)
FNDA:24,(anonymous_12)
FNDA:3,(anonymous_13)
FNDA:3,(anonymous_14)
FNDA:3,(anonymous_15)
FNDA:1,(anonymous_16)
FNDA:0,(anonymous_17)
FNDA:6,(anonymous_18)
FNDA:3,(anonymous_19)
FNDA:1,(anonymous_20)
FNDA:6,(anonymous_21)
FNDA:1,(anonymous_22)
FNDA:6,(anonymous_23)
FNDA:1,(anonymous_24)
FNDA:2,(anonymous_25)
FNDA:1,(anonymous_26)
FNDA:7,(anonymous_27)
FNDA:1,(anonymous_28)
FNDA:6,(anonymous_29)
FNDA:6,(anonymous_30)
FNDA:6,(anonymous_31)
FNDA:6,(anonymous_32)
DA:3,20
DA:7,3
DA:8,2
DA:12,1
DA:16,59
DA:20,8
DA:21,48
DA:25,1
DA:26,1
DA:27,1
DA:28,1
DA:32,1
DA:33,1
DA:34,6
DA:35,6
DA:38,1
DA:39,1
DA:40,6
DA:45,4
DA:46,4
DA:47,24
DA:51,3
DA:52,3
DA:56,3
DA:60,3
DA:64,1
DA:65,1
DA:66,1
DA:67,6
DA:71,3
DA:72,3
DA:73,3
DA:74,3
DA:75,3
DA:76,3
DA:80,6
DA:84,6
DA:88,1
DA:92,2
DA:93,2
DA:94,2
DA:98,1
DA:99,1
DA:100,1
DA:101,1
DA:102,1
DA:103,7
DA:107,1
DA:109,1
DA:110,6
DA:112,6
DA:113,6
DA:114,6
DA:116,1
DA:121,1
LF:55
LH:55
BRDA:2,0,0,0
BRDA:7,1,0,1
BRDA:7,1,1,2
BRDA:20,2,0,0
BRDA:20,2,1,8
BRDA:25,3,0,0
BRDA:25,3,1,1
BRDA:28,4,0,1
BRDA:28,4,1,0
BRDA:32,5,0,0
BRDA:32,5,1,1
BRDA:34,6,0,6
BRDA:34,6,1,6
BRDA:45,7,0,0
BRDA:45,7,1,4
BRDA:52,8,0,3
BRDA:52,8,1,0
BRDA:56,9,0,3
BRDA:56,9,1,0
BRDA:60,10,0,3
BRDA:60,10,1,0
BRDA:66,11,0,0
BRDA:66,11,1,1
BRDA:71,12,0,0
BRDA:71,12,1,3
BRDA:71,13,0,3
BRDA:71,13,1,3
BRDA:71,13,2,3
BRDA:76,14,0,3
BRDA:76,14,1,0
BRDA:94,15,0,2
BRDA:94,15,1,0
BRDA:97,16,0,1
BRDA:103,17,0,7
BRDA:103,17,1,7
BRDA:107,18,0,0
BRDA:107,18,1,1
BRDA:107,19,0,1
BRDA:107,19,1,1
BRDA:116,20,0,1
BRDA:116,20,1,0
BRF:41
BRH:26
end_of_record
